info it worked if it ends with ok
verbose cli [ 'node', '/usr/bin/npm', 'install', 'memwatch' ]
info using npm@1.1.4
info using node@v0.6.12
verbose config file /home/razvansg/.npmrc
verbose config file /usr/etc/npmrc
verbose config file /usr/share/npm/npmrc
verbose caching /home/razvansg/pvp/node_modules/socket.io/package.json
verbose loadDefaults socket.io@0.9.16
verbose caching /home/razvansg/pvp/node_modules/node-uuid/package.json
verbose loadDefaults node-uuid@1.4.1
verbose cache add [ 'memwatch', null ]
silly cache add: name, spec, args [ undefined, 'memwatch', [ 'memwatch', null ] ]
verbose parsed url { pathname: 'memwatch', path: 'memwatch', href: 'memwatch' }
verbose addNamed [ 'memwatch', '' ]
verbose addNamed [ null, '' ]
silly name, range, hasData [ 'memwatch', '', false ]
verbose raw, before any munging memwatch
verbose url resolving [ 'https://registry.npmjs.org/', './memwatch' ]
verbose url resolved https://registry.npmjs.org/memwatch
http GET https://registry.npmjs.org/memwatch
ERR! Error: failed to fetch from registry: memwatch
ERR!     at /usr/share/npm/lib/utils/npm-registry-client/get.js:139:12
ERR!     at cb (/usr/share/npm/lib/utils/npm-registry-client/request.js:31:9)
ERR!     at Request._callback (/usr/share/npm/lib/utils/npm-registry-client/request.js:136:18)
ERR!     at Request.callback (/usr/lib/nodejs/request/main.js:119:22)
ERR!     at Request.<anonymous> (/usr/lib/nodejs/request/main.js:212:58)
ERR!     at Request.emit (events.js:88:20)
ERR!     at ClientRequest.<anonymous> (/usr/lib/nodejs/request/main.js:412:12)
ERR!     at ClientRequest.emit (events.js:67:17)
ERR!     at HTTPParser.onIncoming (http.js:1261:11)
ERR!     at HTTPParser.onHeadersComplete (http.js:102:31)
ERR! You may report this log at:
ERR!     <http://bugs.debian.org/npm>
ERR! or use
ERR!     reportbug --attach /home/razvansg/pvp/npm-debug.log npm
ERR! 
ERR! System Linux 3.2.0-41-generic
ERR! command "node" "/usr/bin/npm" "install" "memwatch"
ERR! cwd /home/razvansg/pvp
ERR! node -v v0.6.12
ERR! npm -v 1.1.4
ERR! message failed to fetch from registry: memwatch
verbose exit [ 1, true ]
